Using pre-set license
Built from '2020.3/china_unity/release' branch; Version is '2020.3.31f1c1 (f95fbe3d210a) revision 16342974'; Using compiler version '192528614'; Build Type 'Release'
OS: 'Windows 11  (10.0.22000) 64bit CoreCountrySpecific' Language: 'zh' Physical Memory: 16122 MB
BatchMode: 1, IsHumanControllingUs: 0, StartBugReporterOnCrash: 0, Is64bit: 1, IsPro: 0

COMMAND LINE ARGUMENTS:
D:\unity\2020.3.31f1c1\Editor\Unity.exe
-adb2
-batchMode
-noUpm
-name
AssetImportWorker0
-projectPath
D:/bw/Test/unity-Multi-tree-manage-scenario-master/unity-Multi-tree-manage-scenario-master
-logFile
Logs/AssetImportWorker0.log
-srvPort
63202
Successfully changed project path to: D:/bw/Test/unity-Multi-tree-manage-scenario-master/unity-Multi-tree-manage-scenario-master
D:/bw/Test/unity-Multi-tree-manage-scenario-master/unity-Multi-tree-manage-scenario-master
Using Asset Import Pipeline V2.
AS: AutoStreaming module initializing.Refreshing native plugins compatible for Editor in 34.60 ms, found 2 plugins.
Preloading 0 native plugins for Editor in 0.00 ms.
Initialize engine version: 2020.3.31f1c1 (f95fbe3d210a)
[Subsystems] Discovering subsystems at path D:/unity/2020.3.31f1c1/Editor/Data/Resources/UnitySubsystems
[Subsystems] Discovering subsystems at path D:/bw/Test/unity-Multi-tree-manage-scenario-master/unity-Multi-tree-manage-scenario-master/Assets
GfxDevice: creating device client; threaded=0
Direct3D:
    Version:  Direct3D 11.0 [level 11.1]
    Renderer: Intel(R) UHD Graphics (ID=0x9a68)
    Vendor:   
    VRAM:     8061 MB
    Driver:   30.0.101.1631
Initialize mono
Mono path[0] = 'D:/unity/2020.3.31f1c1/Editor/Data/Managed'
Mono path[1] = 'D:/unity/2020.3.31f1c1/Editor/Data/MonoBleedingEdge/lib/mono/unityjit'
Mono config path = 'D:/unity/2020.3.31f1c1/Editor/Data/MonoBleedingEdge/etc'
Using monoOptions --debugger-agent=transport=dt_socket,embedding=1,server=y,suspend=n,address=127.0.0.1:56076
Begin MonoManager ReloadAssembly
Registering precompiled unity dll's ...
Register platform support module: D:/unity/2020.3.31f1c1/Editor/Data/PlaybackEngines/WindowsStandaloneSupport/UnityEditor.WindowsStandalone.Extensions.dll
Registered in 0.000739 seconds.
Native extension for WindowsStandalone target not found
Refreshing native plugins compatible for Editor in 43.55 ms, found 2 plugins.
Preloading 0 native plugins for Editor in 0.00 ms.
Mono: successfully reloaded assembly
- Completed reload, in  0.756 seconds
Domain Reload Profiling:
	ReloadAssembly (756ms)
		BeginReloadAssembly (62ms)
			ExecutionOrderSort (0ms)
			DisableScriptedObjects (0ms)
			BackupInstance (0ms)
			ReleaseScriptingObjects (0ms)
			CreateAndSetChildDomain (1ms)
		EndReloadAssembly (602ms)
			LoadAssemblies (61ms)
			RebuildTransferFunctionScriptingTraits (0ms)
			SetupTypeCache (144ms)
			ReleaseScriptCaches (0ms)
			RebuildScriptCaches (67ms)
			SetupLoadedEditorAssemblies (268ms)
				LogAssemblyErrors (0ms)
				InitializePlatformSupportModulesInManaged (8ms)
				SetLoadedEditorAssemblies (0ms)
				RefreshPlugins (44ms)
				BeforeProcessingInitializeOnLoad (33ms)
				ProcessInitializeOnLoadAttributes (125ms)
				ProcessInitializeOnLoadMethodAttributes (57ms)
				AfterProcessingInitializeOnLoad (0ms)
				EditorAssembliesLoaded (1ms)
			ExecutionOrderSort2 (0ms)
			AwakeInstancesAfterBackupRestoration (0ms)
Platform modules already initialized, skipping
Registering precompiled user dll's ...
Registered in 0.003258 seconds.
Begin MonoManager ReloadAssembly
Native extension for WindowsStandalone target not found
Refreshing native plugins compatible for Editor in 0.38 ms, found 2 plugins.
Preloading 0 native plugins for Editor in 0.00 ms.
Mono: successfully reloaded assembly
- Completed reload, in  1.236 seconds
Domain Reload Profiling:
	ReloadAssembly (1238ms)
		BeginReloadAssembly (199ms)
			ExecutionOrderSort (0ms)
			DisableScriptedObjects (10ms)
			BackupInstance (0ms)
			ReleaseScriptingObjects (0ms)
			CreateAndSetChildDomain (27ms)
		EndReloadAssembly (985ms)
			LoadAssemblies (114ms)
			RebuildTransferFunctionScriptingTraits (0ms)
			SetupTypeCache (261ms)
			ReleaseScriptCaches (0ms)
			RebuildScriptCaches (85ms)
			SetupLoadedEditorAssemblies (440ms)
				LogAssemblyErrors (0ms)
				InitializePlatformSupportModulesInManaged (5ms)
				SetLoadedEditorAssemblies (1ms)
				RefreshPlugins (0ms)
				BeforeProcessingInitializeOnLoad (95ms)
				ProcessInitializeOnLoadAttributes (317ms)
				ProcessInitializeOnLoadMethodAttributes (18ms)
				AfterProcessingInitializeOnLoad (3ms)
				EditorAssembliesLoaded (0ms)
			ExecutionOrderSort2 (0ms)
			AwakeInstancesAfterBackupRestoration (14ms)
Platform modules already initialized, skipping
========================================================================
Worker process is ready to serve import requests
Launched and connected shader compiler UnityShaderCompiler.exe after 0.08 seconds
Refreshing native plugins compatible for Editor in 0.35 ms, found 2 plugins.
Preloading 0 native plugins for Editor in 0.00 ms.
Unloading 1516 Unused Serialized files (Serialized files now loaded: 0)
System memory in use before: 84.0 MB.
System memory in use after: 84.1 MB.

Unloading 16 unused Assets to reduce memory usage. Loaded Objects now: 1967.
Total: 3.610400 ms (FindLiveObjects: 0.115700 ms CreateObjectMapping: 0.035600 ms MarkObjects: 3.322800 ms  DeleteObjects: 0.135400 ms)

AssetImportParameters requested are different than current active one (requested -> active):
  custom:framework-win-MediaFoundation: 216162199b28c13a410421893ffa2e32 -> 
  custom:video-decoder-ogg-theora: a1e56fd34408186e4bbccfd4996cb3dc -> 
  custom:container-muxer-webm: aa71ff27fc2769a1b78a27578f13a17b -> 
  custom:container-demuxer-webm: 4f35f7cbe854078d1ac9338744f61a02 -> 
  custom:container-demuxer-ogg: 62fdf1f143b41e24485cea50d1cbac27 -> 
  custom:video-encoder-webm-vp8: eb34c28f22e8b96e1ab97ce403110664 -> 
  custom:video-codec-MediaFoundation-h265: 746d11721c4dcdbdad8f713fa42b33f4 -> 
  custom:video-decoder-webm-vp8: 9c59270c3fd7afecdb556c50c9e8de78 -> 
  custom:audio-decoder-ogg-vorbis: bf7c407c2cedff20999df2af8eb42d56 -> 
  custom:audio-encoder-webm-vorbis: bf7c407c2cedff20999df2af8eb42d56 -> 
========================================================================
Received Import Request.
  path: Assets/NewLayer 1.terrainlayer
  artifactKey: Guid(6e3b023b3c3b5024c8cd19c584035064) Importer(815301076,1909f56bfc062723c751e8b465ee728b)
Start importing Assets/NewLayer 1.terrainlayer using Guid(6e3b023b3c3b5024c8cd19c584035064) Importer(815301076,1909f56bfc062723c751e8b465ee728b)  -> (artifact id: '44cb1700b914f9c3b44d520610ded86d') in 0.085775 seconds 
========================================================================
Received Import Request.
  Time since last request: 0.000329 seconds.
  path: Assets/NewLayer.terrainlayer
  artifactKey: Guid(f1f755c6108c54a4bb4eaa966838d692) Importer(815301076,1909f56bfc062723c751e8b465ee728b)
Start importing Assets/NewLayer.terrainlayer using Guid(f1f755c6108c54a4bb4eaa966838d692) Importer(815301076,1909f56bfc062723c751e8b465ee728b)  -> (artifact id: 'f2f3613705a3c8fcf82accfd24f02101') in 0.019151 seconds 
========================================================================
Received Import Request.
  Time since last request: 0.000351 seconds.
  path: Assets/New Terrain.asset
  artifactKey: Guid(cd45a640d1321c844b83ac4e4049dc54) Importer(815301076,1909f56bfc062723c751e8b465ee728b)
Start importing Assets/New Terrain.asset using Guid(cd45a640d1321c844b83ac4e4049dc54) Importer(815301076,1909f56bfc062723c751e8b465ee728b) The tree Capsule must use the Nature/Soft Occlusion shader. Otherwise billboarding/lighting will not work correctly.
The tree Cube2 must use the Nature/Soft Occlusion shader. Otherwise billboarding/lighting will not work correctly.
The tree Cube1 must use the Nature/Soft Occlusion shader. Otherwise billboarding/lighting will not work correctly.
The tree Sphere must use the Nature/Soft Occlusion shader. Otherwise billboarding/lighting will not work correctly.
 -> (artifact id: '5fd223a2c3ce886f68cf18d7f5e51351') in 0.112262 seconds 
========================================================================
Received Import Request.
  Time since last request: 0.000638 seconds.
  path: Assets/NewBrush 1.brush
  artifactKey: Guid(d478b70e6be06d04c946038d2b494634) Importer(815301076,1909f56bfc062723c751e8b465ee728b)
Start importing Assets/NewBrush 1.brush using Guid(d478b70e6be06d04c946038d2b494634) Importer(815301076,1909f56bfc062723c751e8b465ee728b)  -> (artifact id: '7848fd9ed07bd9129e42d6ecab7856d0') in 0.098239 seconds 
========================================================================
Received Import Request.
  Time since last request: 0.000345 seconds.
  path: Assets/NewBrush.brush
  artifactKey: Guid(80f6c946ecd7f8e41898807af6b80e5e) Importer(815301076,1909f56bfc062723c751e8b465ee728b)
Start importing Assets/NewBrush.brush using Guid(80f6c946ecd7f8e41898807af6b80e5e) Importer(815301076,1909f56bfc062723c751e8b465ee728b)  -> (artifact id: '77347340f38e6e761f1bbcea8a506d44') in 0.020225 seconds 
========================================================================
Received Import Request.
  Time since last request: 62.783332 seconds.
  path: Assets/Materials/Blue.mat
  artifactKey: Guid(c9a5f8e4519027b4889562c1595781d5) Importer(815301076,1909f56bfc062723c751e8b465ee728b)
Start importing Assets/Materials/Blue.mat using Guid(c9a5f8e4519027b4889562c1595781d5) Importer(815301076,1909f56bfc062723c751e8b465ee728b)  -> (artifact id: '19dc59e8c451d4b69b06594c5de0c08a') in 0.057233 seconds 
========================================================================
Received Import Request.
  Time since last request: 0.000500 seconds.
  path: Assets/Materials/Red.mat
  artifactKey: Guid(b5321188e89c3a04c9ef4b7a23cc3f14) Importer(815301076,1909f56bfc062723c751e8b465ee728b)
Start importing Assets/Materials/Red.mat using Guid(b5321188e89c3a04c9ef4b7a23cc3f14) Importer(815301076,1909f56bfc062723c751e8b465ee728b)  -> (artifact id: '82057b5aabea9059d6b91143fd73af7b') in 0.017753 seconds 
========================================================================
Received Import Request.
  Time since last request: 0.000326 seconds.
  path: Assets/Materials/Yellow.mat
  artifactKey: Guid(b6b5089fbfa055a48ad1cb530234026b) Importer(815301076,1909f56bfc062723c751e8b465ee728b)
Start importing Assets/Materials/Yellow.mat using Guid(b6b5089fbfa055a48ad1cb530234026b) Importer(815301076,1909f56bfc062723c751e8b465ee728b)  -> (artifact id: 'ec3146622316e96ed078c16e7fedb35b') in 0.039699 seconds 
========================================================================
Received Import Request.
  Time since last request: 0.000635 seconds.
  path: Assets/Materials/Green.mat
  artifactKey: Guid(3ef1738bb5408c9468eeae0e525dfc20) Importer(815301076,1909f56bfc062723c751e8b465ee728b)
Start importing Assets/Materials/Green.mat using Guid(3ef1738bb5408c9468eeae0e525dfc20) Importer(815301076,1909f56bfc062723c751e8b465ee728b)  -> (artifact id: '46c05f6b5a374bcdf3c9971cf9886834') in 0.039077 seconds 
========================================================================
Received Import Request.
  Time since last request: 1.150500 seconds.
  path: Assets/Editor/Menu.cs
  artifactKey: Guid(306f5fd007d061e4f96871a7de5b7f7b) Importer(815301076,1909f56bfc062723c751e8b465ee728b)
Start importing Assets/Editor/Menu.cs using Guid(306f5fd007d061e4f96871a7de5b7f7b) Importer(815301076,1909f56bfc062723c751e8b465ee728b)  -> (artifact id: '7374963b499a79945d28e96a71630bea') in 0.020302 seconds 
========================================================================
Received Prepare
Registering precompiled user dll's ...
Registered in 0.002068 seconds.
Begin MonoManager ReloadAssembly
Native extension for WindowsStandalone target not found
Refreshing native plugins compatible for Editor in 0.38 ms, found 2 plugins.
Preloading 0 native plugins for Editor in 0.00 ms.
Mono: successfully reloaded assembly
- Completed reload, in  0.941 seconds
Domain Reload Profiling:
	ReloadAssembly (941ms)
		BeginReloadAssembly (115ms)
			ExecutionOrderSort (0ms)
			DisableScriptedObjects (4ms)
			BackupInstance (0ms)
			ReleaseScriptingObjects (0ms)
			CreateAndSetChildDomain (38ms)
		EndReloadAssembly (772ms)
			LoadAssemblies (87ms)
			RebuildTransferFunctionScriptingTraits (0ms)
			SetupTypeCache (241ms)
			ReleaseScriptCaches (1ms)
			RebuildScriptCaches (54ms)
			SetupLoadedEditorAssemblies (306ms)
				LogAssemblyErrors (0ms)
				InitializePlatformSupportModulesInManaged (5ms)
				SetLoadedEditorAssemblies (1ms)
				RefreshPlugins (0ms)
				BeforeProcessingInitializeOnLoad (81ms)
				ProcessInitializeOnLoadAttributes (206ms)
				ProcessInitializeOnLoadMethodAttributes (10ms)
				AfterProcessingInitializeOnLoad (2ms)
				EditorAssembliesLoaded (0ms)
			ExecutionOrderSort2 (0ms)
			AwakeInstancesAfterBackupRestoration (8ms)
Platform modules already initialized, skipping
Refreshing native plugins compatible for Editor in 0.40 ms, found 2 plugins.
Preloading 0 native plugins for Editor in 0.00 ms.
Unloading 1510 Unused Serialized files (Serialized files now loaded: 0)
System memory in use before: 87.3 MB.
System memory in use after: 87.4 MB.

Unloading 11 unused Assets to reduce memory usage. Loaded Objects now: 2020.
Total: 4.272900 ms (FindLiveObjects: 0.274000 ms CreateObjectMapping: 0.093300 ms MarkObjects: 3.866000 ms  DeleteObjects: 0.037600 ms)

AssetImportParameters requested are different than current active one (requested -> active):
  custom:framework-win-MediaFoundation: 216162199b28c13a410421893ffa2e32 -> 
  custom:video-decoder-ogg-theora: a1e56fd34408186e4bbccfd4996cb3dc -> 
  custom:container-muxer-webm: aa71ff27fc2769a1b78a27578f13a17b -> 
  custom:container-demuxer-webm: 4f35f7cbe854078d1ac9338744f61a02 -> 
  custom:container-demuxer-ogg: 62fdf1f143b41e24485cea50d1cbac27 -> 
  custom:video-encoder-webm-vp8: eb34c28f22e8b96e1ab97ce403110664 -> 
  custom:video-codec-MediaFoundation-h265: 746d11721c4dcdbdad8f713fa42b33f4 -> 
  custom:video-decoder-webm-vp8: 9c59270c3fd7afecdb556c50c9e8de78 -> 
  custom:audio-decoder-ogg-vorbis: bf7c407c2cedff20999df2af8eb42d56 -> 
  custom:audio-encoder-webm-vorbis: bf7c407c2cedff20999df2af8eb42d56 -> 
========================================================================
Received Prepare
Registering precompiled user dll's ...
Registered in 0.002010 seconds.
Begin MonoManager ReloadAssembly
Native extension for WindowsStandalone target not found
Refreshing native plugins compatible for Editor in 0.52 ms, found 2 plugins.
Preloading 0 native plugins for Editor in 0.00 ms.
Mono: successfully reloaded assembly
- Completed reload, in  1.003 seconds
Domain Reload Profiling:
	ReloadAssembly (1003ms)
		BeginReloadAssembly (122ms)
			ExecutionOrderSort (0ms)
			DisableScriptedObjects (6ms)
			BackupInstance (0ms)
			ReleaseScriptingObjects (0ms)
			CreateAndSetChildDomain (38ms)
		EndReloadAssembly (826ms)
			LoadAssemblies (93ms)
			RebuildTransferFunctionScriptingTraits (0ms)
			SetupTypeCache (250ms)
			ReleaseScriptCaches (1ms)
			RebuildScriptCaches (57ms)
			SetupLoadedEditorAssemblies (349ms)
				LogAssemblyErrors (0ms)
				InitializePlatformSupportModulesInManaged (4ms)
				SetLoadedEditorAssemblies (0ms)
				RefreshPlugins (1ms)
				BeforeProcessingInitializeOnLoad (88ms)
				ProcessInitializeOnLoadAttributes (243ms)
				ProcessInitializeOnLoadMethodAttributes (10ms)
				AfterProcessingInitializeOnLoad (2ms)
				EditorAssembliesLoaded (0ms)
			ExecutionOrderSort2 (0ms)
			AwakeInstancesAfterBackupRestoration (7ms)
Platform modules already initialized, skipping
Refreshing native plugins compatible for Editor in 0.35 ms, found 2 plugins.
Preloading 0 native plugins for Editor in 0.00 ms.
Unloading 1510 Unused Serialized files (Serialized files now loaded: 0)
System memory in use before: 87.3 MB.
System memory in use after: 87.4 MB.

Unloading 11 unused Assets to reduce memory usage. Loaded Objects now: 2023.
Total: 3.704600 ms (FindLiveObjects: 0.138500 ms CreateObjectMapping: 0.034200 ms MarkObjects: 3.502100 ms  DeleteObjects: 0.028400 ms)

AssetImportParameters requested are different than current active one (requested -> active):
  custom:framework-win-MediaFoundation: 216162199b28c13a410421893ffa2e32 -> 
  custom:video-decoder-ogg-theora: a1e56fd34408186e4bbccfd4996cb3dc -> 
  custom:container-muxer-webm: aa71ff27fc2769a1b78a27578f13a17b -> 
  custom:container-demuxer-webm: 4f35f7cbe854078d1ac9338744f61a02 -> 
  custom:container-demuxer-ogg: 62fdf1f143b41e24485cea50d1cbac27 -> 
  custom:video-encoder-webm-vp8: eb34c28f22e8b96e1ab97ce403110664 -> 
  custom:video-codec-MediaFoundation-h265: 746d11721c4dcdbdad8f713fa42b33f4 -> 
  custom:video-decoder-webm-vp8: 9c59270c3fd7afecdb556c50c9e8de78 -> 
  custom:audio-decoder-ogg-vorbis: bf7c407c2cedff20999df2af8eb42d56 -> 
  custom:audio-encoder-webm-vorbis: bf7c407c2cedff20999df2af8eb42d56 -> 
========================================================================
Received Import Request.
  Time since last request: 139.435428 seconds.
  path: Assets/Resources/Prefabs/Capsule.prefab
  artifactKey: Guid(e5f77ad23665f47479733c84246c2cd1) Importer(815301076,1909f56bfc062723c751e8b465ee728b)
Start importing Assets/Resources/Prefabs/Capsule.prefab using Guid(e5f77ad23665f47479733c84246c2cd1) Importer(815301076,1909f56bfc062723c751e8b465ee728b)  -> (artifact id: 'b292f0dd27887895c69ffce5b9a2c074') in 0.068018 seconds 
========================================================================
Received Import Request.
  Time since last request: 0.000269 seconds.
  path: Assets/Resources/Prefabs/Cube1.prefab
  artifactKey: Guid(14029d31a185529488c44010ecc57ac6) Importer(815301076,1909f56bfc062723c751e8b465ee728b)
Start importing Assets/Resources/Prefabs/Cube1.prefab using Guid(14029d31a185529488c44010ecc57ac6) Importer(815301076,1909f56bfc062723c751e8b465ee728b)  -> (artifact id: '76d2420413042f7a67006afa1545e8ca') in 0.019852 seconds 
========================================================================
Received Import Request.
  Time since last request: 0.000663 seconds.
  path: Assets/Resources/Prefabs/Sphere.prefab
  artifactKey: Guid(b7f27b9e90a55b348a2b3f8546d660f7) Importer(815301076,1909f56bfc062723c751e8b465ee728b)
Start importing Assets/Resources/Prefabs/Sphere.prefab using Guid(b7f27b9e90a55b348a2b3f8546d660f7) Importer(815301076,1909f56bfc062723c751e8b465ee728b)  -> (artifact id: 'f8c38b63f000bc59e8b69e8938a30ef1') in 0.035174 seconds 
========================================================================
Received Import Request.
  Time since last request: 0.000309 seconds.
  path: Assets/Resources/Prefabs/Cube2.prefab
  artifactKey: Guid(cdd85ea88f0d82545a0846858b1eeac2) Importer(815301076,1909f56bfc062723c751e8b465ee728b)
Start importing Assets/Resources/Prefabs/Cube2.prefab using Guid(cdd85ea88f0d82545a0846858b1eeac2) Importer(815301076,1909f56bfc062723c751e8b465ee728b)  -> (artifact id: '2cca78183c1645521818cf9bb8fc3b3d') in 0.039364 seconds 
========================================================================
Received Import Request.
  Time since last request: 2.718744 seconds.
  path: Assets/Scripts/Expand.cs
  artifactKey: Guid(71b7348f142ee4d46ad1e0820457f87f) Importer(815301076,1909f56bfc062723c751e8b465ee728b)
Start importing Assets/Scripts/Expand.cs using Guid(71b7348f142ee4d46ad1e0820457f87f) Importer(815301076,1909f56bfc062723c751e8b465ee728b)  -> (artifact id: '6b53f3beb9d08b062f97cdb38bd04749') in 0.007501 seconds 
========================================================================
Received Import Request.
  Time since last request: 0.765933 seconds.
  path: Assets/Scripts/Main.cs
  artifactKey: Guid(299a88eeaf9816a4f8299466402fe5a8) Importer(815301076,1909f56bfc062723c751e8b465ee728b)
Start importing Assets/Scripts/Main.cs using Guid(299a88eeaf9816a4f8299466402fe5a8) Importer(815301076,1909f56bfc062723c751e8b465ee728b)  -> (artifact id: '1aa0934ababea647166bd1ecd866d5d0') in 0.006529 seconds 
========================================================================
Received Import Request.
  Time since last request: 0.062520 seconds.
  path: Assets/Scripts/Role.cs
  artifactKey: Guid(fcc627bf3c6b6e7478d620e0abc5685a) Importer(815301076,1909f56bfc062723c751e8b465ee728b)
Start importing Assets/Scripts/Role.cs using Guid(fcc627bf3c6b6e7478d620e0abc5685a) Importer(815301076,1909f56bfc062723c751e8b465ee728b)  -> (artifact id: '1971e081a01cb404f98d707cc7e12813') in 0.006590 seconds 
========================================================================
Received Import Request.
  Time since last request: 0.339197 seconds.
  path: Assets/Scripts/Tree.cs
  artifactKey: Guid(4a95877c3105f994e905c908155eba04) Importer(815301076,1909f56bfc062723c751e8b465ee728b)
Start importing Assets/Scripts/Tree.cs using Guid(4a95877c3105f994e905c908155eba04) Importer(815301076,1909f56bfc062723c751e8b465ee728b)  -> (artifact id: '0d70530dfde54e816911a6b13a7b1fe3') in 0.008851 seconds 
========================================================================
Received Import Request.
  Time since last request: 2861.575905 seconds.
  path: Assets/Scripts/SceneObjData.cs
  artifactKey: Guid(cca9cc9e6bdbb564b8712acdd9a32ac4) Importer(815301076,1909f56bfc062723c751e8b465ee728b)
Start importing Assets/Scripts/SceneObjData.cs using Guid(cca9cc9e6bdbb564b8712acdd9a32ac4) Importer(815301076,1909f56bfc062723c751e8b465ee728b)  -> (artifact id: 'ee03a24ec7551b713e215e85e6ae9286') in 0.007033 seconds 
========================================================================
Received Import Request.
  Time since last request: 3.849431 seconds.
  path: Assets/Scripts/Node.cs
  artifactKey: Guid(227e231a0acdf45489b772371196b968) Importer(815301076,1909f56bfc062723c751e8b465ee728b)
Start importing Assets/Scripts/Node.cs using Guid(227e231a0acdf45489b772371196b968) Importer(815301076,1909f56bfc062723c751e8b465ee728b)  -> (artifact id: 'cd92cbfd43aa2e390417a2980e27850e') in 0.006402 seconds 
========================================================================
Received Import Request.
  Time since last request: 0.413828 seconds.
  path: Assets/Scripts/INode.cs
  artifactKey: Guid(18bbfc43ec168b3489e32c7ccacc06d2) Importer(815301076,1909f56bfc062723c751e8b465ee728b)
Start importing Assets/Scripts/INode.cs using Guid(18bbfc43ec168b3489e32c7ccacc06d2) Importer(815301076,1909f56bfc062723c751e8b465ee728b)  -> (artifact id: '455ccab25d4880c1d914044711310905') in 0.008092 seconds 
========================================================================
Received Prepare
Registering precompiled user dll's ...
Registered in 0.002109 seconds.
Begin MonoManager ReloadAssembly
Native extension for WindowsStandalone target not found
Refreshing native plugins compatible for Editor in 0.41 ms, found 2 plugins.
Preloading 0 native plugins for Editor in 0.00 ms.
Mono: successfully reloaded assembly
- Completed reload, in  1.122 seconds
Domain Reload Profiling:
	ReloadAssembly (1123ms)
		BeginReloadAssembly (195ms)
			ExecutionOrderSort (0ms)
			DisableScriptedObjects (10ms)
			BackupInstance (0ms)
			ReleaseScriptingObjects (0ms)
			CreateAndSetChildDomain (91ms)
		EndReloadAssembly (874ms)
			LoadAssemblies (99ms)
			RebuildTransferFunctionScriptingTraits (0ms)
			SetupTypeCache (264ms)
			ReleaseScriptCaches (1ms)
			RebuildScriptCaches (56ms)
			SetupLoadedEditorAssemblies (375ms)
				LogAssemblyErrors (0ms)
				InitializePlatformSupportModulesInManaged (5ms)
				SetLoadedEditorAssemblies (1ms)
				RefreshPlugins (0ms)
				BeforeProcessingInitializeOnLoad (93ms)
				ProcessInitializeOnLoadAttributes (263ms)
				ProcessInitializeOnLoadMethodAttributes (11ms)
				AfterProcessingInitializeOnLoad (2ms)
				EditorAssembliesLoaded (0ms)
			ExecutionOrderSort2 (0ms)
			AwakeInstancesAfterBackupRestoration (7ms)
Platform modules already initialized, skipping
Refreshing native plugins compatible for Editor in 0.40 ms, found 2 plugins.
Preloading 0 native plugins for Editor in 0.00 ms.
Unloading 1510 Unused Serialized files (Serialized files now loaded: 0)
System memory in use before: 87.3 MB.
System memory in use after: 87.4 MB.

Unloading 11 unused Assets to reduce memory usage. Loaded Objects now: 2027.
Total: 3.468200 ms (FindLiveObjects: 0.154800 ms CreateObjectMapping: 0.047700 ms MarkObjects: 3.224300 ms  DeleteObjects: 0.040100 ms)

AssetImportParameters requested are different than current active one (requested -> active):
  custom:framework-win-MediaFoundation: 216162199b28c13a410421893ffa2e32 -> 
  custom:video-decoder-ogg-theora: a1e56fd34408186e4bbccfd4996cb3dc -> 
  custom:container-muxer-webm: aa71ff27fc2769a1b78a27578f13a17b -> 
  custom:container-demuxer-webm: 4f35f7cbe854078d1ac9338744f61a02 -> 
  custom:container-demuxer-ogg: 62fdf1f143b41e24485cea50d1cbac27 -> 
  custom:video-encoder-webm-vp8: eb34c28f22e8b96e1ab97ce403110664 -> 
  custom:video-codec-MediaFoundation-h265: 746d11721c4dcdbdad8f713fa42b33f4 -> 
  custom:video-decoder-webm-vp8: 9c59270c3fd7afecdb556c50c9e8de78 -> 
  custom:audio-decoder-ogg-vorbis: bf7c407c2cedff20999df2af8eb42d56 -> 
  custom:audio-encoder-webm-vorbis: bf7c407c2cedff20999df2af8eb42d56 -> 
AssetImportWorkerClient::OnTransportError - code=2 error=End of file
